{"/home/dusti/Ecommerce/backend/src/enums/httpStatus.enum.ts": {"path":"/home/dusti/Ecommerce/backend/src/enums/httpStatus.enum.ts","statementMap":{"0":{"start":{"line":2,"column":0},"end":{"line":2,"column":null}},"1":{"start":{"line":3,"column":2},"end":{"line":3,"column":null}},"2":{"start":{"line":4,"column":2},"end":{"line":4,"column":null}},"3":{"start":{"line":5,"column":2},"end":{"line":5,"column":null}},"4":{"start":{"line":6,"column":2},"end":{"line":6,"column":null}},"5":{"start":{"line":7,"column":2},"end":{"line":7,"column":null}},"6":{"start":{"line":8,"column":2},"end":{"line":8,"column":null}},"7":{"start":{"line":9,"column":2},"end":{"line":9,"column":null}},"8":{"start":{"line":10,"column":2},"end":{"line":10,"column":null}},"9":{"start":{"line":11,"column":2},"end":{"line":11,"column":null}},"10":{"start":{"line":12,"column":2},"end":{"line":12,"column":null}},"11":{"start":{"line":13,"column":2},"end":{"line":13,"column":null}},"12":{"start":{"line":14,"column":2},"end":{"line":14,"column":null}},"13":{"start":{"line":15,"column":2},"end":{"line":15,"column":null}},"14":{"start":{"line":16,"column":2},"end":{"line":16,"column":null}},"15":{"start":{"line":17,"column":2},"end":{"line":17,"column":null}},"16":{"start":{"line":18,"column":2},"end":{"line":18,"column":null}},"17":{"start":{"line":19,"column":2},"end":{"line":19,"column":null}},"18":{"start":{"line":20,"column":2},"end":{"line":20,"column":null}},"19":{"start":{"line":21,"column":2},"end":{"line":21,"column":null}},"20":{"start":{"line":22,"column":2},"end":{"line":22,"column":null}},"21":{"start":{"line":23,"column":2},"end":{"line":23,"column":null}},"22":{"start":{"line":24,"column":2},"end":{"line":24,"column":null}},"23":{"start":{"line":25,"column":2},"end":{"line":25,"column":null}},"24":{"start":{"line":26,"column":2},"end":{"line":26,"column":null}},"25":{"start":{"line":27,"column":2},"end":{"line":27,"column":null}},"26":{"start":{"line":28,"column":2},"end":{"line":28,"column":null}},"27":{"start":{"line":29,"column":2},"end":{"line":29,"column":null}},"28":{"start":{"line":30,"column":2},"end":{"line":30,"column":null}},"29":{"start":{"line":31,"column":2},"end":{"line":31,"column":null}},"30":{"start":{"line":32,"column":2},"end":{"line":32,"column":null}},"31":{"start":{"line":33,"column":2},"end":{"line":33,"column":null}},"32":{"start":{"line":34,"column":2},"end":{"line":34,"column":null}},"33":{"start":{"line":35,"column":2},"end":{"line":35,"column":null}},"34":{"start":{"line":36,"column":2},"end":{"line":36,"column":null}},"35":{"start":{"line":37,"column":2},"end":{"line":37,"column":null}},"36":{"start":{"line":38,"column":2},"end":{"line":38,"column":null}},"37":{"start":{"line":39,"column":2},"end":{"line":39,"column":null}},"38":{"start":{"line":40,"column":2},"end":{"line":40,"column":null}},"39":{"start":{"line":41,"column":2},"end":{"line":41,"column":null}},"40":{"start":{"line":42,"column":2},"end":{"line":42,"column":null}},"41":{"start":{"line":43,"column":2},"end":{"line":43,"column":null}},"42":{"start":{"line":44,"column":2},"end":{"line":44,"column":null}},"43":{"start":{"line":45,"column":2},"end":{"line":45,"column":null}},"44":{"start":{"line":46,"column":2},"end":{"line":46,"column":null}},"45":{"start":{"line":47,"column":2},"end":{"line":47,"column":null}},"46":{"start":{"line":48,"column":2},"end":{"line":48,"column":null}},"47":{"start":{"line":49,"column":2},"end":{"line":49,"column":null}},"48":{"start":{"line":50,"column":2},"end":{"line":50,"column":null}}},"fnMap":{"0":{"name":"(anonymous_0)","decl":{"start":{"line":2,"column":0},"end":{"line":2,"column":12}},"loc":{"start":{"line":2,"column":22},"end":{"line":51,"column":1}}}},"branchMap":{"0":{"loc":{"start":{"line":2,"column":12},"end":{"line":2,"column":null}},"type":"binary-expr","locations":[{"start":{"line":2,"column":12},"end":{"line":2,"column":22}},{"start":{"line":2,"column":12},"end":{"line":2,"column":null}}]}},"s":{"0":6,"1":6,"2":6,"3":6,"4":6,"5":6,"6":6,"7":6,"8":6,"9":6,"10":6,"11":6,"12":6,"13":6,"14":6,"15":6,"16":6,"17":6,"18":6,"19":6,"20":6,"21":6,"22":6,"23":6,"24":6,"25":6,"26":6,"27":6,"28":6,"29":6,"30":6,"31":6,"32":6,"33":6,"34":6,"35":6,"36":6,"37":6,"38":6,"39":6,"40":6,"41":6,"42":6,"43":6,"44":6,"45":6,"46":6,"47":6,"48":6},"f":{"0":6},"b":{"0":[6,6]}}
,"/home/dusti/Ecommerce/backend/src/exceptions/httpExceptions.exception.ts": {"path":"/home/dusti/Ecommerce/backend/src/exceptions/httpExceptions.exception.ts","statementMap":{"0":{"start":{"line":5,"column":4},"end":{"line":5,"column":19}},"1":{"start":{"line":4,"column":21},"end":{"line":4,"column":39}},"2":{"start":{"line":3,"column":0},"end":{"line":3,"column":13}}},"fnMap":{"0":{"name":"(anonymous_0)","decl":{"start":{"line":4,"column":2},"end":{"line":4,"column":21}},"loc":{"start":{"line":4,"column":56},"end":{"line":6,"column":3}}}},"branchMap":{},"s":{"0":9,"1":9,"2":6},"f":{"0":9},"b":{}}
,"/home/dusti/Ecommerce/backend/src/exceptions/idNotFound.exception.ts": {"path":"/home/dusti/Ecommerce/backend/src/exceptions/idNotFound.exception.ts","statementMap":{"0":{"start":{"line":1,"column":0},"end":{"line":1,"column":54}},"1":{"start":{"line":2,"column":0},"end":{"line":2,"column":60}},"2":{"start":{"line":6,"column":4},"end":{"line":6,"column":41}},"3":{"start":{"line":4,"column":0},"end":{"line":4,"column":13}}},"fnMap":{"0":{"name":"(anonymous_0)","decl":{"start":{"line":5,"column":2},"end":{"line":5,"column":14}},"loc":{"start":{"line":5,"column":26},"end":{"line":7,"column":3}}}},"branchMap":{"0":{"loc":{"start":{"line":5,"column":14},"end":{"line":5,"column":26}},"type":"default-arg","locations":[{"start":{"line":5,"column":24},"end":{"line":5,"column":26}}]}},"s":{"0":4,"1":4,"2":7,"3":4},"f":{"0":7},"b":{"0":[0]}}
,"/home/dusti/Ecommerce/backend/src/exceptions/insufficientStock.exception.ts": {"path":"/home/dusti/Ecommerce/backend/src/exceptions/insufficientStock.exception.ts","statementMap":{"0":{"start":{"line":1,"column":0},"end":{"line":1,"column":60}},"1":{"start":{"line":2,"column":0},"end":{"line":2,"column":54}},"2":{"start":{"line":6,"column":4},"end":{"line":6,"column":41}},"3":{"start":{"line":4,"column":0},"end":{"line":4,"column":13}}},"fnMap":{"0":{"name":"(anonymous_0)","decl":{"start":{"line":5,"column":2},"end":{"line":5,"column":14}},"loc":{"start":{"line":5,"column":26},"end":{"line":7,"column":3}}}},"branchMap":{"0":{"loc":{"start":{"line":5,"column":14},"end":{"line":5,"column":26}},"type":"default-arg","locations":[{"start":{"line":5,"column":24},"end":{"line":5,"column":26}}]}},"s":{"0":2,"1":2,"2":1,"3":2},"f":{"0":1},"b":{"0":[0]}}
,"/home/dusti/Ecommerce/backend/src/exceptions/itemNotFound.exceptions.ts": {"path":"/home/dusti/Ecommerce/backend/src/exceptions/itemNotFound.exceptions.ts","statementMap":{"0":{"start":{"line":1,"column":0},"end":{"line":1,"column":60}},"1":{"start":{"line":2,"column":0},"end":{"line":2,"column":54}},"2":{"start":{"line":6,"column":4},"end":{"line":6,"column":41}},"3":{"start":{"line":4,"column":0},"end":{"line":4,"column":13}}},"fnMap":{"0":{"name":"(anonymous_0)","decl":{"start":{"line":5,"column":2},"end":{"line":5,"column":14}},"loc":{"start":{"line":5,"column":26},"end":{"line":7,"column":3}}}},"branchMap":{"0":{"loc":{"start":{"line":5,"column":14},"end":{"line":5,"column":26}},"type":"default-arg","locations":[{"start":{"line":5,"column":24},"end":{"line":5,"column":26}}]}},"s":{"0":2,"1":2,"2":1,"3":2},"f":{"0":1},"b":{"0":[0]}}
,"/home/dusti/Ecommerce/backend/src/repositories/furniture.repository.ts": {"path":"/home/dusti/Ecommerce/backend/src/repositories/furniture.repository.ts","statementMap":{"0":{"start":{"line":1,"column":0},"end":{"line":1,"column":73}},"1":{"start":{"line":3,"column":0},"end":{"line":3,"column":80}},"2":{"start":{"line":9,"column":4},"end":{"line":11,"column":null}},"3":{"start":{"line":10,"column":6},"end":{"line":10,"column":63}},"4":{"start":{"line":12,"column":4},"end":{"line":12,"column":40}},"5":{"start":{"line":16,"column":4},"end":{"line":16,"column":33}},"6":{"start":{"line":19,"column":22},"end":{"line":19,"column":55}},"7":{"start":{"line":20,"column":4},"end":{"line":20,"column":82}},"8":{"start":{"line":20,"column":20},"end":{"line":20,"column":82}},"9":{"start":{"line":21,"column":4},"end":{"line":21,"column":21}},"10":{"start":{"line":25,"column":4},"end":{"line":25,"column":44}},"11":{"start":{"line":29,"column":22},"end":{"line":29,"column":55}},"12":{"start":{"line":30,"column":4},"end":{"line":30,"column":97}},"13":{"start":{"line":30,"column":20},"end":{"line":30,"column":97}},"14":{"start":{"line":31,"column":4},"end":{"line":31,"column":65}},"15":{"start":{"line":36,"column":29},"end":{"line":36,"column":71}},"16":{"start":{"line":37,"column":4},"end":{"line":37,"column":99}},"17":{"start":{"line":37,"column":27},"end":{"line":37,"column":99}},"18":{"start":{"line":38,"column":4},"end":{"line":38,"column":28}},"19":{"start":{"line":5,"column":0},"end":{"line":5,"column":13}}},"fnMap":{"0":{"name":"(anonymous_7)","decl":{"start":{"line":8,"column":9},"end":{"line":8,"column":15}},"loc":{"start":{"line":8,"column":27},"end":{"line":13,"column":3}}},"1":{"name":"(anonymous_8)","decl":{"start":{"line":15,"column":2},"end":{"line":15,"column":18}},"loc":{"start":{"line":15,"column":18},"end":{"line":17,"column":3}}},"2":{"name":"(anonymous_9)","decl":{"start":{"line":18,"column":8},"end":{"line":18,"column":25}},"loc":{"start":{"line":18,"column":36},"end":{"line":22,"column":null}}},"3":{"name":"(anonymous_11)","decl":{"start":{"line":24,"column":2},"end":{"line":24,"column":15}},"loc":{"start":{"line":24,"column":36},"end":{"line":26,"column":3}}},"4":{"name":"(anonymous_12)","decl":{"start":{"line":28,"column":8},"end":{"line":28,"column":28}},"loc":{"start":{"line":28,"column":68},"end":{"line":33,"column":null}}},"5":{"name":"(anonymous_14)","decl":{"start":{"line":35,"column":8},"end":{"line":35,"column":28}},"loc":{"start":{"line":35,"column":39},"end":{"line":39,"column":null}}}},"branchMap":{"0":{"loc":{"start":{"line":9,"column":4},"end":{"line":11,"column":null}},"type":"if","locations":[{"start":{"line":9,"column":4},"end":{"line":11,"column":null}}]},"1":{"loc":{"start":{"line":20,"column":4},"end":{"line":20,"column":82}},"type":"if","locations":[{"start":{"line":20,"column":4},"end":{"line":20,"column":82}}]},"2":{"loc":{"start":{"line":30,"column":4},"end":{"line":30,"column":97}},"type":"if","locations":[{"start":{"line":30,"column":4},"end":{"line":30,"column":97}}]},"3":{"loc":{"start":{"line":37,"column":4},"end":{"line":37,"column":99}},"type":"if","locations":[{"start":{"line":37,"column":4},"end":{"line":37,"column":99}}]}},"s":{"0":2,"1":2,"2":3,"3":2,"4":3,"5":1,"6":2,"7":2,"8":1,"9":1,"10":1,"11":2,"12":2,"13":1,"14":1,"15":2,"16":2,"17":1,"18":1,"19":2},"f":{"0":3,"1":1,"2":2,"3":1,"4":2,"5":2},"b":{"0":[2],"1":[1],"2":[1],"3":[1]}}
,"/home/dusti/Ecommerce/backend/src/repositories/sale.repository.ts": {"path":"/home/dusti/Ecommerce/backend/src/repositories/sale.repository.ts","statementMap":{"0":{"start":{"line":1,"column":0},"end":{"line":1,"column":40}},"1":{"start":{"line":3,"column":0},"end":{"line":3,"column":87}},"2":{"start":{"line":4,"column":0},"end":{"line":4,"column":78}},"3":{"start":{"line":6,"column":0},"end":{"line":6,"column":61}},"4":{"start":{"line":7,"column":0},"end":{"line":7,"column":65}},"5":{"start":{"line":13,"column":4},"end":{"line":15,"column":null}},"6":{"start":{"line":14,"column":6},"end":{"line":14,"column":53}},"7":{"start":{"line":16,"column":4},"end":{"line":16,"column":35}},"8":{"start":{"line":20,"column":20},"end":{"line":20,"column":40}},"9":{"start":{"line":22,"column":4},"end":{"line":39,"column":7}},"10":{"start":{"line":22,"column":45},"end":{"line":39,"column":6}},"11":{"start":{"line":23,"column":6},"end":{"line":38,"column":8}},"12":{"start":{"line":24,"column":49},"end":{"line":37,"column":10}},"13":{"start":{"line":25,"column":23},"end":{"line":28,"column":12}},"14":{"start":{"line":29,"column":10},"end":{"line":29,"column":99}},"15":{"start":{"line":29,"column":21},"end":{"line":29,"column":99}},"16":{"start":{"line":31,"column":10},"end":{"line":32,"column":100}},"17":{"start":{"line":32,"column":12},"end":{"line":32,"column":100}},"18":{"start":{"line":34,"column":10},"end":{"line":34,"column":33}},"19":{"start":{"line":36,"column":10},"end":{"line":36,"column":28}},"20":{"start":{"line":41,"column":4},"end":{"line":41,"column":31}},"21":{"start":{"line":43,"column":4},"end":{"line":46,"column":7}},"22":{"start":{"line":9,"column":0},"end":{"line":9,"column":13}}},"fnMap":{"0":{"name":"(anonymous_7)","decl":{"start":{"line":12,"column":9},"end":{"line":12,"column":15}},"loc":{"start":{"line":12,"column":27},"end":{"line":17,"column":3}}},"1":{"name":"(anonymous_8)","decl":{"start":{"line":19,"column":8},"end":{"line":19,"column":15}},"loc":{"start":{"line":19,"column":48},"end":{"line":47,"column":null}}},"2":{"name":"(anonymous_10)","decl":{"start":{"line":22,"column":34},"end":{"line":22,"column":43}},"loc":{"start":{"line":22,"column":45},"end":{"line":39,"column":6}}},"3":{"name":"(anonymous_11)","decl":{"start":{"line":22,"column":45},"end":{"line":22,"column":null}},"loc":{"start":{"line":22,"column":45},"end":{"line":39,"column":5}}},"4":{"name":"(anonymous_12)","decl":{"start":{"line":24,"column":21},"end":{"line":24,"column":28}},"loc":{"start":{"line":24,"column":49},"end":{"line":37,"column":10}}},"5":{"name":"(anonymous_13)","decl":{"start":{"line":24,"column":49},"end":{"line":24,"column":null}},"loc":{"start":{"line":24,"column":49},"end":{"line":37,"column":9}}}},"branchMap":{"0":{"loc":{"start":{"line":13,"column":4},"end":{"line":15,"column":null}},"type":"if","locations":[{"start":{"line":13,"column":4},"end":{"line":15,"column":null}}]},"1":{"loc":{"start":{"line":29,"column":10},"end":{"line":29,"column":99}},"type":"if","locations":[{"start":{"line":29,"column":10},"end":{"line":29,"column":99}}]},"2":{"loc":{"start":{"line":31,"column":10},"end":{"line":32,"column":100}},"type":"if","locations":[{"start":{"line":31,"column":10},"end":{"line":32,"column":100}}]}},"s":{"0":2,"1":2,"2":2,"3":2,"4":2,"5":3,"6":2,"7":3,"8":3,"9":3,"10":3,"11":3,"12":3,"13":3,"14":3,"15":1,"16":2,"17":1,"18":1,"19":1,"20":1,"21":1,"22":2},"f":{"0":3,"1":3,"2":3,"3":3,"4":3,"5":3},"b":{"0":[2],"1":[1],"2":[1]}}
,"/home/dusti/Ecommerce/backend/src/repositories/user.repository.ts": {"path":"/home/dusti/Ecommerce/backend/src/repositories/user.repository.ts","statementMap":{"0":{"start":{"line":1,"column":0},"end":{"line":1,"column":73}},"1":{"start":{"line":4,"column":0},"end":{"line":4,"column":51}},"2":{"start":{"line":10,"column":4},"end":{"line":12,"column":null}},"3":{"start":{"line":11,"column":6},"end":{"line":11,"column":53}},"4":{"start":{"line":13,"column":4},"end":{"line":13,"column":35}},"5":{"start":{"line":17,"column":4},"end":{"line":17,"column":28}},"6":{"start":{"line":21,"column":17},"end":{"line":21,"column":45}},"7":{"start":{"line":22,"column":4},"end":{"line":22,"column":92}},"8":{"start":{"line":22,"column":15},"end":{"line":22,"column":92}},"9":{"start":{"line":23,"column":4},"end":{"line":23,"column":16}},"10":{"start":{"line":27,"column":4},"end":{"line":27,"column":34}},"11":{"start":{"line":31,"column":17},"end":{"line":31,"column":45}},"12":{"start":{"line":32,"column":4},"end":{"line":32,"column":92}},"13":{"start":{"line":32,"column":15},"end":{"line":32,"column":92}},"14":{"start":{"line":33,"column":24},"end":{"line":33,"column":95}},"15":{"start":{"line":34,"column":4},"end":{"line":34,"column":23}},"16":{"start":{"line":38,"column":17},"end":{"line":38,"column":45}},"17":{"start":{"line":39,"column":4},"end":{"line":39,"column":92}},"18":{"start":{"line":39,"column":15},"end":{"line":39,"column":92}},"19":{"start":{"line":40,"column":4},"end":{"line":40,"column":100}},"20":{"start":{"line":44,"column":24},"end":{"line":44,"column":61}},"21":{"start":{"line":45,"column":4},"end":{"line":45,"column":89}},"22":{"start":{"line":45,"column":22},"end":{"line":45,"column":89}},"23":{"start":{"line":46,"column":4},"end":{"line":46,"column":23}},"24":{"start":{"line":6,"column":0},"end":{"line":6,"column":13}}},"fnMap":{"0":{"name":"(anonymous_7)","decl":{"start":{"line":9,"column":9},"end":{"line":9,"column":15}},"loc":{"start":{"line":9,"column":27},"end":{"line":14,"column":3}}},"1":{"name":"(anonymous_8)","decl":{"start":{"line":16,"column":2},"end":{"line":16,"column":13}},"loc":{"start":{"line":16,"column":13},"end":{"line":18,"column":3}}},"2":{"name":"(anonymous_9)","decl":{"start":{"line":20,"column":8},"end":{"line":20,"column":19}},"loc":{"start":{"line":20,"column":30},"end":{"line":24,"column":4}}},"3":{"name":"(anonymous_11)","decl":{"start":{"line":26,"column":2},"end":{"line":26,"column":10}},"loc":{"start":{"line":26,"column":21},"end":{"line":28,"column":3}}},"4":{"name":"(anonymous_12)","decl":{"start":{"line":30,"column":8},"end":{"line":30,"column":20}},"loc":{"start":{"line":30,"column":49},"end":{"line":35,"column":4}}},"5":{"name":"(anonymous_14)","decl":{"start":{"line":37,"column":8},"end":{"line":37,"column":22}},"loc":{"start":{"line":37,"column":81},"end":{"line":41,"column":4}}},"6":{"name":"(anonymous_16)","decl":{"start":{"line":43,"column":8},"end":{"line":43,"column":22}},"loc":{"start":{"line":43,"column":33},"end":{"line":47,"column":4}}}},"branchMap":{"0":{"loc":{"start":{"line":10,"column":4},"end":{"line":12,"column":null}},"type":"if","locations":[{"start":{"line":10,"column":4},"end":{"line":12,"column":null}}]},"1":{"loc":{"start":{"line":22,"column":4},"end":{"line":22,"column":92}},"type":"if","locations":[{"start":{"line":22,"column":4},"end":{"line":22,"column":92}}]},"2":{"loc":{"start":{"line":32,"column":4},"end":{"line":32,"column":92}},"type":"if","locations":[{"start":{"line":32,"column":4},"end":{"line":32,"column":92}}]},"3":{"loc":{"start":{"line":39,"column":4},"end":{"line":39,"column":92}},"type":"if","locations":[{"start":{"line":39,"column":4},"end":{"line":39,"column":92}}]},"4":{"loc":{"start":{"line":45,"column":4},"end":{"line":45,"column":89}},"type":"if","locations":[{"start":{"line":45,"column":4},"end":{"line":45,"column":89}}]}},"s":{"0":2,"1":2,"2":3,"3":2,"4":3,"5":1,"6":2,"7":2,"8":1,"9":1,"10":1,"11":2,"12":2,"13":1,"14":1,"15":1,"16":2,"17":2,"18":1,"19":1,"20":2,"21":2,"22":1,"23":1,"24":2},"f":{"0":3,"1":1,"2":2,"3":1,"4":2,"5":2,"6":2},"b":{"0":[2],"1":[1],"2":[1],"3":[1],"4":[1]}}
,"/home/dusti/Ecommerce/backend/src/schemas/address.schema.ts": {"path":"/home/dusti/Ecommerce/backend/src/schemas/address.schema.ts","statementMap":{"0":{"start":{"line":1,"column":0},"end":{"line":1,"column":34}},"1":{"start":{"line":3,"column":13},"end":{"line":12,"column":2}}},"fnMap":{},"branchMap":{},"s":{"0":2,"1":2},"f":{},"b":{}}
,"/home/dusti/Ecommerce/backend/src/schemas/furniture.schema.ts": {"path":"/home/dusti/Ecommerce/backend/src/schemas/furniture.schema.ts","statementMap":{"0":{"start":{"line":1,"column":0},"end":{"line":1,"column":51}},"1":{"start":{"line":5,"column":24},"end":{"line":14,"column":2}},"2":{"start":{"line":18,"column":13},"end":{"line":18,"column":85}}},"fnMap":{},"branchMap":{},"s":{"0":4,"1":4,"2":4},"f":{},"b":{}}
,"/home/dusti/Ecommerce/backend/src/schemas/sale.schema.ts": {"path":"/home/dusti/Ecommerce/backend/src/schemas/sale.schema.ts","statementMap":{"0":{"start":{"line":1,"column":0},"end":{"line":1,"column":51}},"1":{"start":{"line":5,"column":19},"end":{"line":10,"column":null}},"2":{"start":{"line":15,"column":13},"end":{"line":15,"column":65}}},"fnMap":{},"branchMap":{},"s":{"0":2,"1":2,"2":2},"f":{},"b":{}}
,"/home/dusti/Ecommerce/backend/src/schemas/user.schema.ts": {"path":"/home/dusti/Ecommerce/backend/src/schemas/user.schema.ts","statementMap":{"0":{"start":{"line":1,"column":0},"end":{"line":1,"column":41}},"1":{"start":{"line":4,"column":0},"end":{"line":4,"column":49}},"2":{"start":{"line":6,"column":19},"end":{"line":13,"column":2}},"3":{"start":{"line":18,"column":13},"end":{"line":18,"column":65}}},"fnMap":{},"branchMap":{},"s":{"0":2,"1":2,"2":2,"3":2},"f":{},"b":{}}
,"/home/dusti/Ecommerce/backend/src/services/furniture.services.ts": {"path":"/home/dusti/Ecommerce/backend/src/services/furniture.services.ts","statementMap":{"0":{"start":{"line":2,"column":0},"end":{"line":2,"column":75}},"1":{"start":{"line":9,"column":4},"end":{"line":9,"column":56}},"2":{"start":{"line":13,"column":4},"end":{"line":15,"column":null}},"3":{"start":{"line":14,"column":6},"end":{"line":14,"column":57}},"4":{"start":{"line":16,"column":4},"end":{"line":16,"column":37}},"5":{"start":{"line":20,"column":4},"end":{"line":20,"column":46}},"6":{"start":{"line":24,"column":4},"end":{"line":24,"column":49}},"7":{"start":{"line":28,"column":4},"end":{"line":28,"column":52}},"8":{"start":{"line":32,"column":4},"end":{"line":32,"column":65}},"9":{"start":{"line":35,"column":4},"end":{"line":35,"column":52}},"10":{"start":{"line":4,"column":0},"end":{"line":4,"column":13}}},"fnMap":{"0":{"name":"(anonymous_0)","decl":{"start":{"line":8,"column":2},"end":{"line":8,"column":null}},"loc":{"start":{"line":8,"column":2},"end":{"line":10,"column":3}}},"1":{"name":"(anonymous_1)","decl":{"start":{"line":12,"column":9},"end":{"line":12,"column":15}},"loc":{"start":{"line":12,"column":27},"end":{"line":17,"column":3}}},"2":{"name":"(anonymous_2)","decl":{"start":{"line":19,"column":2},"end":{"line":19,"column":18}},"loc":{"start":{"line":19,"column":18},"end":{"line":21,"column":3}}},"3":{"name":"(anonymous_3)","decl":{"start":{"line":23,"column":2},"end":{"line":23,"column":19}},"loc":{"start":{"line":23,"column":30},"end":{"line":25,"column":3}}},"4":{"name":"(anonymous_4)","decl":{"start":{"line":27,"column":2},"end":{"line":27,"column":15}},"loc":{"start":{"line":27,"column":36},"end":{"line":29,"column":3}}},"5":{"name":"(anonymous_5)","decl":{"start":{"line":31,"column":2},"end":{"line":31,"column":22}},"loc":{"start":{"line":31,"column":62},"end":{"line":33,"column":3}}},"6":{"name":"(anonymous_6)","decl":{"start":{"line":34,"column":2},"end":{"line":34,"column":22}},"loc":{"start":{"line":34,"column":33},"end":{"line":36,"column":3}}}},"branchMap":{"0":{"loc":{"start":{"line":13,"column":4},"end":{"line":15,"column":null}},"type":"if","locations":[{"start":{"line":13,"column":4},"end":{"line":15,"column":null}}]}},"s":{"0":1,"1":1,"2":1,"3":1,"4":1,"5":1,"6":1,"7":1,"8":1,"9":1,"10":1},"f":{"0":1,"1":1,"2":1,"3":1,"4":1,"5":1,"6":1},"b":{"0":[1]}}
,"/home/dusti/Ecommerce/backend/src/services/sale.services.ts": {"path":"/home/dusti/Ecommerce/backend/src/services/sale.services.ts","statementMap":{"0":{"start":{"line":2,"column":0},"end":{"line":2,"column":65}},"1":{"start":{"line":10,"column":4},"end":{"line":10,"column":null}},"2":{"start":{"line":14,"column":4},"end":{"line":16,"column":null}},"3":{"start":{"line":15,"column":6},"end":{"line":15,"column":null}},"4":{"start":{"line":18,"column":4},"end":{"line":18,"column":null}},"5":{"start":{"line":22,"column":4},"end":{"line":22,"column":null}},"6":{"start":{"line":5,"column":0},"end":{"line":5,"column":13}}},"fnMap":{"0":{"name":"(anonymous_0)","decl":{"start":{"line":9,"column":2},"end":{"line":9,"column":null}},"loc":{"start":{"line":9,"column":2},"end":{"line":11,"column":3}}},"1":{"name":"(anonymous_1)","decl":{"start":{"line":13,"column":9},"end":{"line":13,"column":15}},"loc":{"start":{"line":13,"column":27},"end":{"line":19,"column":3}}},"2":{"name":"(anonymous_2)","decl":{"start":{"line":21,"column":2},"end":{"line":21,"column":9}},"loc":{"start":{"line":21,"column":42},"end":{"line":23,"column":3}}}},"branchMap":{"0":{"loc":{"start":{"line":14,"column":4},"end":{"line":16,"column":null}},"type":"if","locations":[{"start":{"line":14,"column":4},"end":{"line":16,"column":null}}]}},"s":{"0":1,"1":1,"2":1,"3":1,"4":1,"5":1,"6":1},"f":{"0":1,"1":1,"2":1},"b":{"0":[1]}}
,"/home/dusti/Ecommerce/backend/src/services/user.services.ts": {"path":"/home/dusti/Ecommerce/backend/src/services/user.services.ts","statementMap":{"0":{"start":{"line":3,"column":0},"end":{"line":3,"column":65}},"1":{"start":{"line":9,"column":4},"end":{"line":9,"column":51}},"2":{"start":{"line":13,"column":4},"end":{"line":15,"column":null}},"3":{"start":{"line":14,"column":6},"end":{"line":14,"column":47}},"4":{"start":{"line":16,"column":4},"end":{"line":16,"column":32}},"5":{"start":{"line":20,"column":4},"end":{"line":20,"column":41}},"6":{"start":{"line":24,"column":4},"end":{"line":24,"column":43}},"7":{"start":{"line":28,"column":4},"end":{"line":28,"column":42}},"8":{"start":{"line":32,"column":4},"end":{"line":32,"column":53}},"9":{"start":{"line":36,"column":4},"end":{"line":36,"column":52}},"10":{"start":{"line":40,"column":4},"end":{"line":40,"column":46}},"11":{"start":{"line":4,"column":0},"end":{"line":4,"column":13}}},"fnMap":{"0":{"name":"(anonymous_0)","decl":{"start":{"line":8,"column":2},"end":{"line":8,"column":null}},"loc":{"start":{"line":8,"column":2},"end":{"line":10,"column":3}}},"1":{"name":"(anonymous_1)","decl":{"start":{"line":12,"column":9},"end":{"line":12,"column":15}},"loc":{"start":{"line":12,"column":27},"end":{"line":17,"column":3}}},"2":{"name":"(anonymous_2)","decl":{"start":{"line":19,"column":2},"end":{"line":19,"column":13}},"loc":{"start":{"line":19,"column":13},"end":{"line":21,"column":3}}},"3":{"name":"(anonymous_3)","decl":{"start":{"line":23,"column":2},"end":{"line":23,"column":14}},"loc":{"start":{"line":23,"column":25},"end":{"line":25,"column":3}}},"4":{"name":"(anonymous_4)","decl":{"start":{"line":27,"column":2},"end":{"line":27,"column":10}},"loc":{"start":{"line":27,"column":21},"end":{"line":29,"column":3}}},"5":{"name":"(anonymous_5)","decl":{"start":{"line":31,"column":2},"end":{"line":31,"column":18}},"loc":{"start":{"line":31,"column":47},"end":{"line":33,"column":3}}},"6":{"name":"(anonymous_6)","decl":{"start":{"line":35,"column":2},"end":{"line":35,"column":17}},"loc":{"start":{"line":35,"column":40},"end":{"line":37,"column":3}}},"7":{"name":"(anonymous_7)","decl":{"start":{"line":39,"column":2},"end":{"line":39,"column":17}},"loc":{"start":{"line":39,"column":28},"end":{"line":41,"column":3}}}},"branchMap":{"0":{"loc":{"start":{"line":13,"column":4},"end":{"line":15,"column":null}},"type":"if","locations":[{"start":{"line":13,"column":4},"end":{"line":15,"column":null}}]}},"s":{"0":1,"1":1,"2":1,"3":1,"4":1,"5":1,"6":1,"7":1,"8":1,"9":1,"10":1,"11":1},"f":{"0":1,"1":1,"2":1,"3":1,"4":1,"5":1,"6":1,"7":1},"b":{"0":[1]}}
}
