TN:
SF:src/enums/httpStatus.enum.ts
FN:2,(anonymous_0)
FNF:1
FNH:1
FNDA:6,(anonymous_0)
DA:2,6
DA:3,6
DA:4,6
DA:5,6
DA:6,6
DA:7,6
DA:8,6
DA:9,6
DA:10,6
DA:11,6
DA:12,6
DA:13,6
DA:14,6
DA:15,6
DA:16,6
DA:17,6
DA:18,6
DA:19,6
DA:20,6
DA:21,6
DA:22,6
DA:23,6
DA:24,6
DA:25,6
DA:26,6
DA:27,6
DA:28,6
DA:29,6
DA:30,6
DA:31,6
DA:32,6
DA:33,6
DA:34,6
DA:35,6
DA:36,6
DA:37,6
DA:38,6
DA:39,6
DA:40,6
DA:41,6
DA:42,6
DA:43,6
DA:44,6
DA:45,6
DA:46,6
DA:47,6
DA:48,6
DA:49,6
DA:50,6
LF:49
LH:49
BRDA:2,0,0,6
BRDA:2,0,1,6
BRF:2
BRH:2
end_of_record
TN:
SF:src/exceptions/httpExceptions.exception.ts
FN:4,(anonymous_0)
FNF:1
FNH:1
FNDA:9,(anonymous_0)
DA:3,6
DA:4,9
DA:5,9
LF:3
LH:3
BRF:0
BRH:0
end_of_record
TN:
SF:src/exceptions/idNotFound.exception.ts
FN:5,(anonymous_0)
FNF:1
FNH:1
FNDA:7,(anonymous_0)
DA:1,4
DA:2,4
DA:4,4
DA:6,7
LF:4
LH:4
BRDA:5,0,0,0
BRF:1
BRH:0
end_of_record
TN:
SF:src/exceptions/insufficientStock.exception.ts
FN:5,(anonymous_0)
FNF:1
FNH:1
FNDA:1,(anonymous_0)
DA:1,2
DA:2,2
DA:4,2
DA:6,1
LF:4
LH:4
BRDA:5,0,0,0
BRF:1
BRH:0
end_of_record
TN:
SF:src/exceptions/itemNotFound.exceptions.ts
FN:5,(anonymous_0)
FNF:1
FNH:1
FNDA:1,(anonymous_0)
DA:1,2
DA:2,2
DA:4,2
DA:6,1
LF:4
LH:4
BRDA:5,0,0,0
BRF:1
BRH:0
end_of_record
TN:
SF:src/repositories/furniture.repository.ts
FN:8,(anonymous_7)
FN:15,(anonymous_8)
FN:18,(anonymous_9)
FN:24,(anonymous_11)
FN:28,(anonymous_12)
FN:35,(anonymous_14)
FNF:6
FNH:6
FNDA:3,(anonymous_7)
FNDA:1,(anonymous_8)
FNDA:2,(anonymous_9)
FNDA:1,(anonymous_11)
FNDA:2,(anonymous_12)
FNDA:2,(anonymous_14)
DA:1,2
DA:3,2
DA:5,2
DA:9,3
DA:10,2
DA:12,3
DA:16,1
DA:19,2
DA:20,2
DA:21,1
DA:25,1
DA:29,2
DA:30,2
DA:31,1
DA:36,2
DA:37,2
DA:38,1
LF:17
LH:17
BRDA:9,0,0,2
BRDA:20,1,0,1
BRDA:30,2,0,1
BRDA:37,3,0,1
BRF:4
BRH:4
end_of_record
TN:
SF:src/repositories/sale.repository.ts
FN:12,(anonymous_7)
FN:19,(anonymous_8)
FN:22,(anonymous_10)
FN:22,(anonymous_11)
FN:24,(anonymous_12)
FN:24,(anonymous_13)
FNF:6
FNH:6
FNDA:3,(anonymous_7)
FNDA:3,(anonymous_8)
FNDA:3,(anonymous_10)
FNDA:3,(anonymous_11)
FNDA:3,(anonymous_12)
FNDA:3,(anonymous_13)
DA:1,2
DA:3,2
DA:4,2
DA:6,2
DA:7,2
DA:9,2
DA:13,3
DA:14,2
DA:16,3
DA:20,3
DA:22,3
DA:23,3
DA:24,3
DA:25,3
DA:29,3
DA:31,2
DA:32,1
DA:34,1
DA:36,1
DA:41,1
DA:43,1
LF:21
LH:21
BRDA:13,0,0,2
BRDA:29,1,0,1
BRDA:31,2,0,1
BRF:3
BRH:3
end_of_record
TN:
SF:src/repositories/user.repository.ts
FN:9,(anonymous_7)
FN:16,(anonymous_8)
FN:20,(anonymous_9)
FN:26,(anonymous_11)
FN:30,(anonymous_12)
FN:37,(anonymous_14)
FN:43,(anonymous_16)
FNF:7
FNH:7
FNDA:3,(anonymous_7)
FNDA:1,(anonymous_8)
FNDA:2,(anonymous_9)
FNDA:1,(anonymous_11)
FNDA:2,(anonymous_12)
FNDA:2,(anonymous_14)
FNDA:2,(anonymous_16)
DA:1,2
DA:4,2
DA:6,2
DA:10,3
DA:11,2
DA:13,3
DA:17,1
DA:21,2
DA:22,2
DA:23,1
DA:27,1
DA:31,2
DA:32,2
DA:33,1
DA:34,1
DA:38,2
DA:39,2
DA:40,1
DA:44,2
DA:45,2
DA:46,1
LF:21
LH:21
BRDA:10,0,0,2
BRDA:22,1,0,1
BRDA:32,2,0,1
BRDA:39,3,0,1
BRDA:45,4,0,1
BRF:5
BRH:5
end_of_record
TN:
SF:src/schemas/address.schema.ts
FNF:0
FNH:0
DA:1,2
DA:3,2
LF:2
LH:2
BRF:0
BRH:0
end_of_record
TN:
SF:src/schemas/furniture.schema.ts
FNF:0
FNH:0
DA:1,4
DA:5,4
DA:18,4
LF:3
LH:3
BRF:0
BRH:0
end_of_record
TN:
SF:src/schemas/sale.schema.ts
FNF:0
FNH:0
DA:1,2
DA:5,2
DA:15,2
LF:3
LH:3
BRF:0
BRH:0
end_of_record
TN:
SF:src/schemas/user.schema.ts
FNF:0
FNH:0
DA:1,2
DA:4,2
DA:6,2
DA:18,2
LF:4
LH:4
BRF:0
BRH:0
end_of_record
TN:
SF:src/services/furniture.services.ts
FN:8,(anonymous_0)
FN:12,(anonymous_1)
FN:19,(anonymous_2)
FN:23,(anonymous_3)
FN:27,(anonymous_4)
FN:31,(anonymous_5)
FN:34,(anonymous_6)
FNF:7
FNH:7
FNDA:1,(anonymous_0)
FNDA:1,(anonymous_1)
FNDA:1,(anonymous_2)
FNDA:1,(anonymous_3)
FNDA:1,(anonymous_4)
FNDA:1,(anonymous_5)
FNDA:1,(anonymous_6)
DA:2,1
DA:4,1
DA:9,1
DA:13,1
DA:14,1
DA:16,1
DA:20,1
DA:24,1
DA:28,1
DA:32,1
DA:35,1
LF:11
LH:11
BRDA:13,0,0,1
BRF:1
BRH:1
end_of_record
TN:
SF:src/services/sale.services.ts
FN:9,(anonymous_0)
FN:13,(anonymous_1)
FN:21,(anonymous_2)
FNF:3
FNH:3
FNDA:1,(anonymous_0)
FNDA:1,(anonymous_1)
FNDA:1,(anonymous_2)
DA:2,1
DA:5,1
DA:10,1
DA:14,1
DA:15,1
DA:18,1
DA:22,1
LF:7
LH:7
BRDA:14,0,0,1
BRF:1
BRH:1
end_of_record
TN:
SF:src/services/user.services.ts
FN:8,(anonymous_0)
FN:12,(anonymous_1)
FN:19,(anonymous_2)
FN:23,(anonymous_3)
FN:27,(anonymous_4)
FN:31,(anonymous_5)
FN:35,(anonymous_6)
FN:39,(anonymous_7)
FNF:8
FNH:8
FNDA:1,(anonymous_0)
FNDA:1,(anonymous_1)
FNDA:1,(anonymous_2)
FNDA:1,(anonymous_3)
FNDA:1,(anonymous_4)
FNDA:1,(anonymous_5)
FNDA:1,(anonymous_6)
FNDA:1,(anonymous_7)
DA:3,1
DA:4,1
DA:9,1
DA:13,1
DA:14,1
DA:16,1
DA:20,1
DA:24,1
DA:28,1
DA:32,1
DA:36,1
DA:40,1
LF:12
LH:12
BRDA:13,0,0,1
BRF:1
BRH:1
end_of_record
